{
  "stats": {
    "suites": 1,
    "tests": 8,
    "passes": 8,
    "pending": 0,
    "failures": 0,
    "start": "2023-11-10T14:12:50.686Z",
    "end": "2023-11-10T14:12:50.997Z",
    "duration": 311,
    "testsRegistered": 8,
    "passPercent": 100,
    "pendingPercent": 0,
    "other": 0,
    "hasOther": false,
    "skipped": 0,
    "hasSkipped": false
  },
  "results": [
    {
      "uuid": "a47799b6-342c-44c4-9389-25fc0539c441",
      "title": "",
      "fullFile": "cypress\\e2e\\produto.cy.js",
      "file": "cypress\\e2e\\produto.cy.js",
      "beforeHooks": [],
      "afterHooks": [],
      "tests": [],
      "suites": [
        {
          "uuid": "f897345d-840c-45f1-9f0d-7d8d75b17303",
          "title": "Teste da Funcionalidade Produtos",
          "fullFile": "",
          "file": "",
          "beforeHooks": [],
          "afterHooks": [],
          "tests": [
            {
              "title": "Deve validar contrato de produtos",
              "fullTitle": "Teste da Funcionalidade Produtos Deve validar contrato de produtos",
              "timedOut": null,
              "duration": 43,
              "state": "passed",
              "speed": "fast",
              "pass": true,
              "fail": false,
              "pending": false,
              "context": null,
              "code": "cy.request('produtos').then(response => {\n  return _produtos.default.validateAsync(response.body);\n});",
              "err": {},
              "uuid": "2ef8acfb-cfbf-41ab-b313-33148f271067",
              "parentUUID": "f897345d-840c-45f1-9f0d-7d8d75b17303",
              "isHook": false,
              "skipped": false
            },
            {
              "title": "Listar Produtos",
              "fullTitle": "Teste da Funcionalidade Produtos Listar Produtos",
              "timedOut": null,
              "duration": 19,
              "state": "passed",
              "speed": "fast",
              "pass": true,
              "fail": false,
              "pending": false,
              "context": null,
              "code": "cy.request({\n  method: 'GET',\n  url: 'produtos'\n}).then(response => {\n  //expect(response.body.produtos[2].nome).to.equal('Samsung 60 polegadas')\n  expect(response.status).to.equal(200);\n  expect(response.body).to.have.property('produtos');\n  expect(response.duration).to.be.lessThan(15);\n});",
              "err": {},
              "uuid": "2d4d9024-a978-48fe-aa13-f23b874cf60d",
              "parentUUID": "f897345d-840c-45f1-9f0d-7d8d75b17303",
              "isHook": false,
              "skipped": false
            },
            {
              "title": "Cadastrar produto",
              "fullTitle": "Teste da Funcionalidade Produtos Cadastrar produto",
              "timedOut": null,
              "duration": 18,
              "state": "passed",
              "speed": "fast",
              "pass": true,
              "fail": false,
              "pending": false,
              "context": null,
              "code": "let produto = `Produto EBAC ${Math.floor(Math.random() * 100000)}`;\ncy.request({\n  method: 'POST',\n  url: 'produtos',\n  body: {\n    \"nome\": produto,\n    \"preco\": 200,\n    \"descricao\": \"Produto novo\",\n    \"quantidade\": 500\n  },\n  headers: {\n    authorization: token\n  }\n}).then(response => {\n  expect(response.status).to.equal(201);\n  expect(response.body.message).to.equal('Cadastro realizado com sucesso');\n});",
              "err": {},
              "uuid": "5c0405fc-6a49-416e-9384-b3dd86f950af",
              "parentUUID": "f897345d-840c-45f1-9f0d-7d8d75b17303",
              "isHook": false,
              "skipped": false
            },
            {
              "title": "Deve validar mensagem de erro ao cadastrar produto repetido",
              "fullTitle": "Teste da Funcionalidade Produtos Deve validar mensagem de erro ao cadastrar produto repetido",
              "timedOut": null,
              "duration": 16,
              "state": "passed",
              "speed": "fast",
              "pass": true,
              "fail": false,
              "pending": false,
              "context": null,
              "code": "cy.cadastrarProduto(token, \"Produto EBAC 95944\", 250, \"Descrição do produto novo\", 150).then(response => {\n  expect(response.status).to.equal(400);\n  expect(response.body.message).to.equal('Já existe produto com esse nome');\n});",
              "err": {},
              "uuid": "8572a396-42e4-43d6-8e20-3f645cbc61ba",
              "parentUUID": "f897345d-840c-45f1-9f0d-7d8d75b17303",
              "isHook": false,
              "skipped": false
            },
            {
              "title": "Deve editar um produto já cadastrado",
              "fullTitle": "Teste da Funcionalidade Produtos Deve editar um produto já cadastrado",
              "timedOut": null,
              "duration": 24,
              "state": "passed",
              "speed": "fast",
              "pass": true,
              "fail": false,
              "pending": false,
              "context": null,
              "code": "cy.request('produtos').then(response => {\n  let id = response.body.produtos[1]._id;\n  cy.request({\n    method: 'PUT',\n    url: `produtos/${id}`,\n    headers: {\n      authorization: token\n    },\n    body: {\n      \"nome\": \"Logitech MX Vertical\",\n      \"preco\": 1251,\n      \"descricao\": \"produto editado2\",\n      \"quantidade\": 180\n    }\n  }).then(response => {\n    expect(response.body.message).to.equal('Registro alterado com sucesso');\n  });\n});",
              "err": {},
              "uuid": "7803f0ba-4e02-4e2b-a773-8fa756a5dcc8",
              "parentUUID": "f897345d-840c-45f1-9f0d-7d8d75b17303",
              "isHook": false,
              "skipped": false
            },
            {
              "title": "Deve editar um produto cadastrado previamente",
              "fullTitle": "Teste da Funcionalidade Produtos Deve editar um produto cadastrado previamente",
              "timedOut": null,
              "duration": 24,
              "state": "passed",
              "speed": "fast",
              "pass": true,
              "fail": false,
              "pending": false,
              "context": null,
              "code": "let produto = `Produto EBAC ${Math.floor(Math.random() * 100000)}`;\ncy.cadastrarProduto(token, produto, 250, \"Descrição do produto novo\", 150).then(response => {\n  let id = response.body._id;\n  cy.request({\n    method: 'PUT',\n    url: `produtos/${id}`,\n    headers: {\n      authorization: token\n    },\n    body: {\n      \"nome\": produto,\n      \"preco\": 50,\n      \"descricao\": \"produto editado2\",\n      \"quantidade\": 90\n    }\n  }).then(response => {\n    expect(response.body.message).to.equal('Registro alterado com sucesso');\n  });\n});",
              "err": {},
              "uuid": "0e662aaf-b1f5-48e1-b030-9bc8afd86f7c",
              "parentUUID": "f897345d-840c-45f1-9f0d-7d8d75b17303",
              "isHook": false,
              "skipped": false
            },
            {
              "title": "Deve deletar um produto previamente cadastro",
              "fullTitle": "Teste da Funcionalidade Produtos Deve deletar um produto previamente cadastro",
              "timedOut": null,
              "duration": 25,
              "state": "passed",
              "speed": "fast",
              "pass": true,
              "fail": false,
              "pending": false,
              "context": null,
              "code": "let produto = `Produto EBAC ${Math.floor(Math.random() * 100000)}`;\ncy.cadastrarProduto(token, produto, 250, \"Descrição do produto novo\", 150).then(response => {\n  let id = response.body._id;\n  cy.request({\n    method: 'DELETE',\n    url: `produtos/${id}`,\n    headers: {\n      authorization: token\n    }\n  }).then(response => {\n    expect(response.body.message).to.equal('Registro excluído com sucesso');\n    expect(response.status).to.equal(200);\n  });\n});",
              "err": {},
              "uuid": "e9614315-b3fa-4546-a892-76c65bdbe5d0",
              "parentUUID": "f897345d-840c-45f1-9f0d-7d8d75b17303",
              "isHook": false,
              "skipped": false
            },
            {
              "title": "Listar Produtos 2",
              "fullTitle": "Teste da Funcionalidade Produtos Listar Produtos 2",
              "timedOut": null,
              "duration": 18,
              "state": "passed",
              "speed": "fast",
              "pass": true,
              "fail": false,
              "pending": false,
              "context": null,
              "code": "cy.produto_get('GET', 'produtos').then(response => {\n  //expect(response.body.produtos[2].nome).to.equal('Samsung 60 polegadas')\n  expect(response.status).to.equal(200);\n  expect(response.body).to.have.property('produtos');\n  expect(response.duration).to.be.lessThan(15);\n});",
              "err": {},
              "uuid": "a851f5c9-bae4-472a-957c-53b148325018",
              "parentUUID": "f897345d-840c-45f1-9f0d-7d8d75b17303",
              "isHook": false,
              "skipped": false
            }
          ],
          "suites": [],
          "passes": [
            "2ef8acfb-cfbf-41ab-b313-33148f271067",
            "2d4d9024-a978-48fe-aa13-f23b874cf60d",
            "5c0405fc-6a49-416e-9384-b3dd86f950af",
            "8572a396-42e4-43d6-8e20-3f645cbc61ba",
            "7803f0ba-4e02-4e2b-a773-8fa756a5dcc8",
            "0e662aaf-b1f5-48e1-b030-9bc8afd86f7c",
            "e9614315-b3fa-4546-a892-76c65bdbe5d0",
            "a851f5c9-bae4-472a-957c-53b148325018"
          ],
          "failures": [],
          "pending": [],
          "skipped": [],
          "duration": 187,
          "root": false,
          "rootEmpty": false,
          "_timeout": 2000
        }
      ],
      "passes": [],
      "failures": [],
      "pending": [],
      "skipped": [],
      "duration": 0,
      "root": true,
      "rootEmpty": true,
      "_timeout": 2000
    }
  ],
  "meta": {
    "mocha": {
      "version": "7.0.1"
    },
    "mochawesome": {
      "options": {
        "quiet": false,
        "reportFilename": "mochawesome",
        "saveHtml": false,
        "saveJson": true,
        "consoleReporter": "spec",
        "useInlineDiffs": false,
        "code": true
      },
      "version": "7.1.3"
    },
    "marge": {
      "options": {
        "reportDir": "mochawesome-report",
        "overwrite": false,
        "html": false,
        "json": true
      },
      "version": "6.2.0"
    }
  }
}